[    1462ms] [ERROR] Failed to load resource: the server responded with a status of 406 () @ https://sonic.fdp.api.flipkart.com/4/data/collector/business:0
[    1470ms] [ERROR] Access to fetch at 'https://static-assets-web.flixcart.com/www/linchpin/batman-returns/codes.json' from origin 'https://www.flipkart.com' has been blocked by CORS policy: Request header field x-user-agent is not allowed by Access-Control-Allow-Headers in preflight response. @ https://www.flipkart.com/:0
[    1471ms] [ERROR] Failed to load resource: net::ERR_FAILED @ https://static-assets-web.flixcart.com/www/linchpin/batman-returns/codes.json:0
[    1472ms] [ERROR] Failed to load resource: the server responded with a status of 406 () @ https://sonic.fdp.api.flipkart.com/4/data/collector/business:0
[    1587ms] [WARNING] Warning: Component with name Placeholderis not available. Returning a fallback View @ https://static-assets-web.flixcart.com/batman-returns/batman-returns/p/99184d4bda2fc8e06575cfc9a2697032/CrossCommon.js:0
[    1610ms] [WARNING] Warning: Component with name RNShimmeringViewis not available. Returning a fallback View @ https://static-assets-web.flixcart.com/batman-returns/batman-returns/p/99184d4bda2fc8e06575cfc9a2697032/CrossCommon.js:0
[    1623ms] [WARNING] Warning: Component with name GifViewis not available. Returning a fallback View @ https://static-assets-web.flixcart.com/batman-returns/batman-returns/p/99184d4bda2fc8e06575cfc9a2697032/CrossCommon.js:0
[    1623ms] [WARNING] Warning: Component with name LiveVideoViewis not available. Returning a fallback View @ https://static-assets-web.flixcart.com/batman-returns/batman-returns/p/99184d4bda2fc8e06575cfc9a2697032/CrossCommon.js:0
[    1624ms] [WARNING] Warning: Component with name HybridConditionTrackerViewis not available. Returning a fallback View @ https://static-assets-web.flixcart.com/batman-returns/batman-returns/p/99184d4bda2fc8e06575cfc9a2697032/CrossCommon.js:0
[    2029ms] [ERROR] Access to fetch at 'https://static-assets-web.flixcart.com/apex-static/images/svgs/L1Nav/electronics.svg' from origin 'https://www.flipkart.com' has been blocked by CORS policy: Request header field x-user-agent is not allowed by Access-Control-Allow-Headers in preflight response. @ https://www.flipkart.com/:0
[    2029ms] [ERROR] Failed to load resource: net::ERR_FAILED @ https://static-assets-web.flixcart.com/apex-static/images/svgs/L1Nav/electronics.svg:0
[    2030ms] [ERROR] Access to fetch at 'https://static-assets-web.flixcart.com/apex-static/images/svgs/L1Nav/books.svg' from origin 'https://www.flipkart.com' has been blocked by CORS policy: Request header field x-user-agent is not allowed by Access-Control-Allow-Headers in preflight response. @ https://www.flipkart.com/:0
[    2031ms] [ERROR] Failed to load resource: net::ERR_FAILED @ https://static-assets-web.flixcart.com/apex-static/images/svgs/L1Nav/books.svg:0
[    2031ms] [ERROR] Access to fetch at 'https://static-assets-web.flixcart.com/apex-static/images/svgs/L1Nav/food.svg' from origin 'https://www.flipkart.com' has been blocked by CORS policy: Request header field x-user-agent is not allowed by Access-Control-Allow-Headers in preflight response. @ https://www.flipkart.com/:0
[    2031ms] [ERROR] Failed to load resource: net::ERR_FAILED @ https://static-assets-web.flixcart.com/apex-static/images/svgs/L1Nav/food.svg:0
[    2084ms] [ERROR] Access to fetch at 'https://static-assets-web.flixcart.com/apex-static/images/svgs/L1Nav/all.svg' from origin 'https://www.flipkart.com' has been blocked by CORS policy: Request header field x-user-agent is not allowed by Access-Control-Allow-Headers in preflight response. @ https://www.flipkart.com/:0
[    2084ms] [ERROR] Failed to load resource: net::ERR_FAILED @ https://static-assets-web.flixcart.com/apex-static/images/svgs/L1Nav/all.svg:0
[    2084ms] [ERROR] Access to fetch at 'https://static-assets-web.flixcart.com/apex-static/images/svgs/L1Nav/auto-new.svg' from origin 'https://www.flipkart.com' has been blocked by CORS policy: Request header field x-user-agent is not allowed by Access-Control-Allow-Headers in preflight response. @ https://www.flipkart.com/:0
[    2084ms] [ERROR] Failed to load resource: net::ERR_FAILED @ https://static-assets-web.flixcart.com/apex-static/images/svgs/L1Nav/auto-new.svg:0
[    2085ms] [ERROR] Access to fetch at 'https://static-assets-web.flixcart.com/apex-static/images/svgs/L1Nav/beauty.svg' from origin 'https://www.flipkart.com' has been blocked by CORS policy: Request header field x-user-agent is not allowed by Access-Control-Allow-Headers in preflight response. @ https://www.flipkart.com/:0
[    2085ms] [ERROR] Failed to load resource: net::ERR_FAILED @ https://static-assets-web.flixcart.com/apex-static/images/svgs/L1Nav/beauty.svg:0
[    2085ms] [ERROR] Access to fetch at 'https://static-assets-web.flixcart.com/apex-static/images/svgs/L1Nav/toy.svg' from origin 'https://www.flipkart.com' has been blocked by CORS policy: Request header field x-user-agent is not allowed by Access-Control-Allow-Headers in preflight response. @ https://www.flipkart.com/:0
[    2085ms] [ERROR] Failed to load resource: net::ERR_FAILED @ https://static-assets-web.flixcart.com/apex-static/images/svgs/L1Nav/toy.svg:0
[    2086ms] [ERROR] Access to fetch at 'https://static-assets-web.flixcart.com/apex-static/images/svgs/L1Nav/auto-acc.svg' from origin 'https://www.flipkart.com' has been blocked by CORS policy: Request header field x-user-agent is not allowed by Access-Control-Allow-Headers in preflight response. @ https://www.flipkart.com/:0
[    2086ms] [ERROR] Failed to load resource: net::ERR_FAILED @ https://static-assets-web.flixcart.com/apex-static/images/svgs/L1Nav/auto-acc.svg:0
[    2086ms] [ERROR] Access to fetch at 'https://static-assets-web.flixcart.com/apex-static/images/svgs/L1Nav/mobiles.svg' from origin 'https://www.flipkart.com' has been blocked by CORS policy: Request header field x-user-agent is not allowed by Access-Control-Allow-Headers in preflight response. @ https://www.flipkart.com/:0
[    2086ms] [ERROR] Failed to load resource: net::ERR_FAILED @ https://static-assets-web.flixcart.com/apex-static/images/svgs/L1Nav/mobiles.svg:0
[    2086ms] [ERROR] Access to fetch at 'https://static-assets-web.flixcart.com/apex-static/images/svgs/L1Nav/tv.svg' from origin 'https://www.flipkart.com' has been blocked by CORS policy: Request header field x-user-agent is not allowed by Access-Control-Allow-Headers in preflight response. @ https://www.flipkart.com/:0
[    2086ms] [ERROR] Failed to load resource: net::ERR_FAILED @ https://static-assets-web.flixcart.com/apex-static/images/svgs/L1Nav/tv.svg:0
[    2091ms] [ERROR] Access to fetch at 'https://static-assets-web.flixcart.com/apex-static/images/svgs/L1Nav/sport.svg' from origin 'https://www.flipkart.com' has been blocked by CORS policy: Request header field x-user-agent is not allowed by Access-Control-Allow-Headers in preflight response. @ https://www.flipkart.com/:0
[    2091ms] [ERROR] Failed to load resource: net::ERR_FAILED @ https://static-assets-web.flixcart.com/apex-static/images/svgs/L1Nav/sport.svg:0
[    2092ms] [ERROR] Access to fetch at 'https://static-assets-web.flixcart.com/apex-static/images/svgs/L1Nav/furniture.svg' from origin 'https://www.flipkart.com' has been blocked by CORS policy: Request header field x-user-agent is not allowed by Access-Control-Allow-Headers in preflight response. @ https://www.flipkart.com/:0
[    2092ms] [ERROR] Failed to load resource: net::ERR_FAILED @ https://static-assets-web.flixcart.com/apex-static/images/svgs/L1Nav/furniture.svg:0
[    2103ms] [ERROR] Access to fetch at 'https://static-assets-web.flixcart.com/apex-static/images/svgs/L1Nav/fashion.svg' from origin 'https://www.flipkart.com' has been blocked by CORS policy: Request header field x-user-agent is not allowed by Access-Control-Allow-Headers in preflight response. @ https://www.flipkart.com/:0
[    2104ms] [ERROR] Failed to load resource: net::ERR_FAILED @ https://static-assets-web.flixcart.com/apex-static/images/svgs/L1Nav/fashion.svg:0
[    2109ms] [ERROR] Access to fetch at 'https://static-assets-web.flixcart.com/apex-static/images/svgs/L1Nav/home-final.svg' from origin 'https://www.flipkart.com' has been blocked by CORS policy: Request header field x-user-agent is not allowed by Access-Control-Allow-Headers in preflight response. @ https://www.flipkart.com/:0
[    2109ms] [ERROR] Failed to load resource: net::ERR_FAILED @ https://static-assets-web.flixcart.com/apex-static/images/svgs/L1Nav/home-final.svg:0
